<?xml version="1.0" encoding="UTF-8"?>
<coverage generated="1591859672866" clover="3.2.0">
  <project timestamp="1591859672866" name="All files">
    <metrics statements="108" coveredstatements="98" conditionals="42" coveredconditionals="32" methods="31" coveredmethods="28" elements="181" coveredelements="158" complexity="0" loc="108" ncloc="108" packages="1" files="3" classes="3"/>
    <file name="emailValidator.ts" path="/Users/kaleshkaladharan/Desktop/vscode/rheas/support/src/emailValidator.ts">
      <metrics statements="28" coveredstatements="28" conditionals="22" coveredconditionals="22" methods="6" coveredmethods="6"/>
      <line num="1" count="2" type="stmt"/>
      <line num="16" count="2" type="stmt"/>
      <line num="18" count="6" type="stmt"/>
      <line num="19" count="6" type="stmt"/>
      <line num="21" count="4" type="stmt"/>
      <line num="22" count="2" type="stmt"/>
      <line num="24" count="4" type="stmt"/>
      <line num="26" count="2" type="stmt"/>
      <line num="40" count="2" type="stmt"/>
      <line num="42" count="6" type="stmt"/>
      <line num="47" count="6" type="cond" truecount="4" falsecount="0"/>
      <line num="48" count="2" type="stmt"/>
      <line num="50" count="4" type="stmt"/>
      <line num="61" count="2" type="stmt"/>
      <line num="62" count="4" type="stmt"/>
      <line num="66" count="4" type="cond" truecount="6" falsecount="0"/>
      <line num="67" count="2" type="stmt"/>
      <line num="81" count="2" type="stmt"/>
      <line num="82" count="4" type="stmt"/>
      <line num="84" count="4" type="cond" truecount="6" falsecount="0"/>
      <line num="85" count="1" type="stmt"/>
      <line num="91" count="3" type="stmt"/>
      <line num="93" count="3" type="stmt"/>
      <line num="94" count="6" type="stmt"/>
      <line num="95" count="6" type="cond" truecount="2" falsecount="0"/>
      <line num="98" count="3" type="cond" truecount="4" falsecount="0"/>
      <line num="99" count="1" type="stmt"/>
      <line num="101" count="2" type="stmt"/>
    </file>
    <file name="index.ts" path="/Users/kaleshkaladharan/Desktop/vscode/rheas/support/src/index.ts">
      <metrics statements="2" coveredstatements="2" conditionals="0" coveredconditionals="0" methods="0" coveredmethods="0"/>
      <line num="1" count="1" type="stmt"/>
      <line num="3" count="1" type="stmt"/>
    </file>
    <file name="str.ts" path="/Users/kaleshkaladharan/Desktop/vscode/rheas/support/src/str.ts">
      <metrics statements="78" coveredstatements="68" conditionals="20" coveredconditionals="10" methods="25" coveredmethods="22"/>
      <line num="1" count="2" type="stmt"/>
      <line num="3" count="2" type="stmt"/>
      <line num="5" count="2" type="stmt"/>
      <line num="10" count="2" type="stmt"/>
      <line num="15" count="2" type="stmt"/>
      <line num="20" count="2" type="stmt"/>
      <line num="27" count="2" type="stmt"/>
      <line num="28" count="1" type="cond" truecount="1" falsecount="1"/>
      <line num="29" count="0" type="stmt"/>
      <line num="31" count="1" type="stmt"/>
      <line num="39" count="2" type="stmt"/>
      <line num="40" count="0" type="stmt"/>
      <line num="48" count="2" type="stmt"/>
      <line num="49" count="47" type="stmt"/>
      <line num="66" count="2" type="stmt"/>
      <line num="67" count="6" type="stmt"/>
      <line num="77" count="2" type="stmt"/>
      <line num="84" count="6" type="stmt"/>
      <line num="94" count="2" type="stmt"/>
      <line num="95" count="4" type="stmt"/>
      <line num="103" count="2" type="stmt"/>
      <line num="104" count="4" type="stmt"/>
      <line num="113" count="2" type="stmt"/>
      <line num="114" count="3" type="stmt"/>
      <line num="128" count="2" type="cond" truecount="0" falsecount="2"/>
      <line num="130" count="0" type="stmt"/>
      <line num="132" count="0" type="cond" truecount="0" falsecount="2"/>
      <line num="133" count="0" type="stmt"/>
      <line num="135" count="0" type="stmt"/>
      <line num="138" count="0" type="stmt"/>
      <line num="140" count="0" type="cond" truecount="0" falsecount="2"/>
      <line num="148" count="5" type="cond" truecount="1" falsecount="1"/>
      <line num="150" count="5" type="cond" truecount="2" falsecount="0"/>
      <line num="151" count="5" type="stmt"/>
      <line num="152" count="5" type="cond" truecount="1" falsecount="1"/>
      <line num="153" count="0" type="stmt"/>
      <line num="155" count="5" type="stmt"/>
      <line num="167" count="2" type="stmt"/>
      <line num="168" count="8" type="stmt"/>
      <line num="170" count="8" type="stmt"/>
      <line num="172" count="8" type="stmt"/>
      <line num="182" count="2" type="stmt"/>
      <line num="183" count="8" type="stmt"/>
      <line num="185" count="8" type="stmt"/>
      <line num="187" count="8" type="stmt"/>
      <line num="195" count="2" type="stmt"/>
      <line num="197" count="9" type="stmt"/>
      <line num="199" count="9" type="cond" truecount="2" falsecount="0"/>
      <line num="200" count="4" type="stmt"/>
      <line num="204" count="5" type="stmt"/>
      <line num="207" count="5" type="stmt"/>
      <line num="209" count="5" type="stmt"/>
      <line num="217" count="2" type="stmt"/>
      <line num="218" count="2" type="stmt"/>
      <line num="220" count="2" type="cond" truecount="1" falsecount="1"/>
      <line num="221" count="0" type="stmt"/>
      <line num="223" count="2" type="stmt"/>
      <line num="225" count="2" type="stmt"/>
      <line num="235" count="2" type="stmt"/>
      <line num="236" count="8" type="stmt"/>
      <line num="238" count="8" type="stmt"/>
      <line num="240" count="8" type="stmt"/>
      <line num="249" count="2" type="stmt"/>
      <line num="250" count="5" type="stmt"/>
      <line num="252" count="5" type="stmt"/>
      <line num="254" count="5" type="stmt"/>
      <line num="263" count="2" type="stmt"/>
      <line num="264" count="12" type="stmt"/>
      <line num="266" count="12" type="cond" truecount="2" falsecount="0"/>
      <line num="267" count="12" type="stmt"/>
      <line num="269" count="6" type="stmt"/>
      <line num="272" count="12" type="stmt"/>
      <line num="274" count="12" type="stmt"/>
      <line num="282" count="2" type="stmt"/>
      <line num="283" count="13" type="stmt"/>
      <line num="291" count="2" type="stmt"/>
      <line num="292" count="13" type="stmt"/>
      <line num="294" count="2" type="stmt"/>
    </file>
  </project>
</coverage>
