<?xml version="1.0" encoding="UTF-8"?>
<coverage generated="1591862177753" clover="3.2.0">
  <project timestamp="1591862177753" name="All files">
    <metrics statements="97" coveredstatements="96" conditionals="36" coveredconditionals="33" methods="31" coveredmethods="31" elements="164" coveredelements="160" complexity="0" loc="97" ncloc="97" packages="1" files="3" classes="3"/>
    <file name="emailValidator.ts" path="/Users/kaleshkaladharan/Desktop/vscode/rheas/support/src/emailValidator.ts">
      <metrics statements="28" coveredstatements="28" conditionals="22" coveredconditionals="22" methods="6" coveredmethods="6"/>
      <line num="1" count="2" type="stmt"/>
      <line num="16" count="2" type="stmt"/>
      <line num="18" count="6" type="stmt"/>
      <line num="19" count="6" type="stmt"/>
      <line num="21" count="4" type="stmt"/>
      <line num="22" count="2" type="stmt"/>
      <line num="24" count="4" type="stmt"/>
      <line num="26" count="2" type="stmt"/>
      <line num="40" count="2" type="stmt"/>
      <line num="42" count="6" type="stmt"/>
      <line num="47" count="6" type="cond" truecount="4" falsecount="0"/>
      <line num="48" count="2" type="stmt"/>
      <line num="50" count="4" type="stmt"/>
      <line num="61" count="2" type="stmt"/>
      <line num="62" count="4" type="stmt"/>
      <line num="66" count="4" type="cond" truecount="6" falsecount="0"/>
      <line num="67" count="2" type="stmt"/>
      <line num="81" count="2" type="stmt"/>
      <line num="82" count="4" type="stmt"/>
      <line num="84" count="4" type="cond" truecount="6" falsecount="0"/>
      <line num="85" count="1" type="stmt"/>
      <line num="91" count="3" type="stmt"/>
      <line num="93" count="3" type="stmt"/>
      <line num="94" count="6" type="stmt"/>
      <line num="95" count="6" type="cond" truecount="2" falsecount="0"/>
      <line num="98" count="3" type="cond" truecount="4" falsecount="0"/>
      <line num="99" count="1" type="stmt"/>
      <line num="101" count="2" type="stmt"/>
    </file>
    <file name="index.ts" path="/Users/kaleshkaladharan/Desktop/vscode/rheas/support/src/index.ts">
      <metrics statements="2" coveredstatements="2" conditionals="0" coveredconditionals="0" methods="0" coveredmethods="0"/>
      <line num="1" count="1" type="stmt"/>
      <line num="3" count="1" type="stmt"/>
    </file>
    <file name="str.ts" path="/Users/kaleshkaladharan/Desktop/vscode/rheas/support/src/str.ts">
      <metrics statements="67" coveredstatements="66" conditionals="14" coveredconditionals="11" methods="25" coveredmethods="25"/>
      <line num="1" count="2" type="stmt"/>
      <line num="3" count="2" type="stmt"/>
      <line num="5" count="2" type="stmt"/>
      <line num="12" count="2" type="stmt"/>
      <line num="13" count="1" type="stmt"/>
      <line num="21" count="2" type="stmt"/>
      <line num="22" count="5" type="stmt"/>
      <line num="30" count="2" type="stmt"/>
      <line num="31" count="70" type="stmt"/>
      <line num="48" count="2" type="stmt"/>
      <line num="49" count="6" type="stmt"/>
      <line num="59" count="2" type="stmt"/>
      <line num="66" count="6" type="stmt"/>
      <line num="76" count="2" type="stmt"/>
      <line num="77" count="4" type="stmt"/>
      <line num="85" count="2" type="stmt"/>
      <line num="86" count="4" type="stmt"/>
      <line num="95" count="2" type="stmt"/>
      <line num="96" count="8" type="stmt"/>
      <line num="110" count="4" type="cond" truecount="2" falsecount="0"/>
      <line num="112" count="3" type="stmt"/>
      <line num="114" count="10" type="cond" truecount="2" falsecount="0"/>
      <line num="115" count="8" type="stmt"/>
      <line num="117" count="10" type="stmt"/>
      <line num="120" count="3" type="stmt"/>
      <line num="122" count="3" type="cond" truecount="1" falsecount="1"/>
      <line num="130" count="5" type="cond" truecount="1" falsecount="1"/>
      <line num="132" count="5" type="cond" truecount="2" falsecount="0"/>
      <line num="133" count="5" type="stmt"/>
      <line num="134" count="5" type="cond" truecount="1" falsecount="1"/>
      <line num="135" count="0" type="stmt"/>
      <line num="137" count="5" type="stmt"/>
      <line num="149" count="2" type="stmt"/>
      <line num="150" count="18" type="stmt"/>
      <line num="152" count="18" type="stmt"/>
      <line num="154" count="18" type="stmt"/>
      <line num="164" count="2" type="stmt"/>
      <line num="165" count="13" type="stmt"/>
      <line num="167" count="13" type="stmt"/>
      <line num="169" count="13" type="stmt"/>
      <line num="177" count="2" type="stmt"/>
      <line num="181" count="9" type="stmt"/>
      <line num="184" count="9" type="stmt"/>
      <line num="186" count="9" type="stmt"/>
      <line num="194" count="2" type="stmt"/>
      <line num="196" count="2" type="stmt"/>
      <line num="198" count="2" type="stmt"/>
      <line num="208" count="2" type="stmt"/>
      <line num="209" count="13" type="stmt"/>
      <line num="211" count="13" type="stmt"/>
      <line num="213" count="13" type="stmt"/>
      <line num="222" count="2" type="stmt"/>
      <line num="223" count="8" type="stmt"/>
      <line num="225" count="8" type="stmt"/>
      <line num="227" count="8" type="stmt"/>
      <line num="236" count="2" type="stmt"/>
      <line num="237" count="12" type="stmt"/>
      <line num="239" count="12" type="cond" truecount="2" falsecount="0"/>
      <line num="240" count="12" type="stmt"/>
      <line num="242" count="6" type="stmt"/>
      <line num="245" count="12" type="stmt"/>
      <line num="247" count="12" type="stmt"/>
      <line num="255" count="2" type="stmt"/>
      <line num="256" count="19" type="stmt"/>
      <line num="264" count="2" type="stmt"/>
      <line num="265" count="19" type="stmt"/>
      <line num="267" count="2" type="stmt"/>
    </file>
  </project>
</coverage>
