{"/Users/kaleshkaladharan/Desktop/vscode/rheas/support/src/emailValidator.ts": {"path":"/Users/kaleshkaladharan/Desktop/vscode/rheas/support/src/emailValidator.ts","statementMap":{"0":{"start":{"line":1,"column":0},"end":{"line":1,"column":13}},"1":{"start":{"line":16,"column":11},"end":{"line":27,"column":null}},"2":{"start":{"line":18,"column":8},"end":{"line":25,"column":null}},"3":{"start":{"line":19,"column":16},"end":{"line":19,"column":17}},"4":{"start":{"line":19,"column":17},"end":{"line":19,"column":22}},"5":{"start":{"line":19,"column":24},"end":{"line":19,"column":59}},"6":{"start":{"line":21,"column":12},"end":{"line":21,"column":38}},"7":{"start":{"line":22,"column":12},"end":{"line":22,"column":40}},"8":{"start":{"line":24,"column":12},"end":{"line":24,"column":25}},"9":{"start":{"line":26,"column":8},"end":{"line":26,"column":20}},"10":{"start":{"line":40,"column":11},"end":{"line":51,"column":null}},"11":{"start":{"line":42,"column":36},"end":{"line":42,"column":52}},"12":{"start":{"line":47,"column":8},"end":{"line":49,"column":null}},"13":{"start":{"line":48,"column":12},"end":{"line":48,"column":49}},"14":{"start":{"line":50,"column":8},"end":{"line":50,"column":27}},"15":{"start":{"line":61,"column":11},"end":{"line":69,"column":null}},"16":{"start":{"line":62,"column":8},"end":{"line":62,"column":29}},"17":{"start":{"line":66,"column":8},"end":{"line":68,"column":null}},"18":{"start":{"line":67,"column":12},"end":{"line":67,"column":50}},"19":{"start":{"line":81,"column":11},"end":{"line":100,"column":null}},"20":{"start":{"line":82,"column":8},"end":{"line":82,"column":31}},"21":{"start":{"line":84,"column":8},"end":{"line":86,"column":null}},"22":{"start":{"line":85,"column":12},"end":{"line":85,"column":43}},"23":{"start":{"line":91,"column":26},"end":{"line":91,"column":43}},"24":{"start":{"line":93,"column":25},"end":{"line":96,"column":9}},"25":{"start":{"line":94,"column":12},"end":{"line":94,"column":31}},"26":{"start":{"line":95,"column":12},"end":{"line":95,"column":57}},"27":{"start":{"line":98,"column":8},"end":{"line":99,"column":43}},"28":{"start":{"line":99,"column":12},"end":{"line":99,"column":43}},"29":{"start":{"line":101,"column":0},"end":{"line":101,"column":null}},"30":{"start":{"line":1,"column":13},"end":{"line":1,"column":27}}},"fnMap":{"0":{"name":"(anonymous_0)","decl":{"start":{"line":1,"column":0},"end":{"line":1,"column":13}},"loc":{"start":{"line":1,"column":0},"end":{"line":101,"column":null}}},"1":{"name":"(anonymous_2)","decl":{"start":{"line":16,"column":4},"end":{"line":16,"column":11}},"loc":{"start":{"line":16,"column":33},"end":{"line":27,"column":5}}},"2":{"name":"(anonymous_3)","decl":{"start":{"line":40,"column":4},"end":{"line":40,"column":11}},"loc":{"start":{"line":40,"column":38},"end":{"line":51,"column":5}}},"3":{"name":"(anonymous_4)","decl":{"start":{"line":61,"column":4},"end":{"line":61,"column":11}},"loc":{"start":{"line":61,"column":38},"end":{"line":69,"column":5}}},"4":{"name":"(anonymous_5)","decl":{"start":{"line":81,"column":4},"end":{"line":81,"column":11}},"loc":{"start":{"line":81,"column":40},"end":{"line":100,"column":5}}},"5":{"name":"(anonymous_6)","decl":{"start":{"line":93,"column":25},"end":{"line":93,"column":35}},"loc":{"start":{"line":93,"column":47},"end":{"line":96,"column":9}}}},"branchMap":{"0":{"loc":{"start":{"line":47,"column":8},"end":{"line":49,"column":null}},"type":"if","locations":[{"start":{"line":47,"column":8},"end":{"line":49,"column":null}},{"start":{"line":47,"column":8},"end":{"line":49,"column":null}}]},"1":{"loc":{"start":{"line":47,"column":12},"end":{"line":47,"column":36}},"type":"binary-expr","locations":[{"start":{"line":47,"column":12},"end":{"line":47,"column":36}},{"start":{"line":47,"column":40},"end":{"line":47,"column":58}}]},"2":{"loc":{"start":{"line":66,"column":8},"end":{"line":68,"column":null}},"type":"if","locations":[{"start":{"line":66,"column":8},"end":{"line":68,"column":null}},{"start":{"line":66,"column":8},"end":{"line":68,"column":null}}]},"3":{"loc":{"start":{"line":66,"column":12},"end":{"line":66,"column":29}},"type":"binary-expr","locations":[{"start":{"line":66,"column":12},"end":{"line":66,"column":29}},{"start":{"line":66,"column":33},"end":{"line":66,"column":50}},{"start":{"line":66,"column":54},"end":{"line":66,"column":75}},{"start":{"line":66,"column":79},"end":{"line":66,"column":98}}]},"4":{"loc":{"start":{"line":84,"column":8},"end":{"line":86,"column":null}},"type":"if","locations":[{"start":{"line":84,"column":8},"end":{"line":86,"column":null}},{"start":{"line":84,"column":8},"end":{"line":86,"column":null}}]},"5":{"loc":{"start":{"line":84,"column":12},"end":{"line":84,"column":31}},"type":"binary-expr","locations":[{"start":{"line":84,"column":12},"end":{"line":84,"column":31}},{"start":{"line":84,"column":35},"end":{"line":84,"column":54}},{"start":{"line":84,"column":58},"end":{"line":84,"column":78}},{"start":{"line":84,"column":82},"end":{"line":84,"column":104}}]},"6":{"loc":{"start":{"line":95,"column":19},"end":{"line":95,"column":36}},"type":"binary-expr","locations":[{"start":{"line":95,"column":19},"end":{"line":95,"column":36}},{"start":{"line":95,"column":40},"end":{"line":95,"column":56}}]},"7":{"loc":{"start":{"line":98,"column":8},"end":{"line":99,"column":43}},"type":"if","locations":[{"start":{"line":98,"column":8},"end":{"line":99,"column":43}},{"start":{"line":98,"column":8},"end":{"line":99,"column":43}}]},"8":{"loc":{"start":{"line":98,"column":12},"end":{"line":98,"column":34}},"type":"binary-expr","locations":[{"start":{"line":98,"column":12},"end":{"line":98,"column":34}},{"start":{"line":98,"column":38},"end":{"line":98,"column":66}}]}},"s":{"0":2,"1":2,"2":6,"3":6,"4":4,"5":4,"6":4,"7":2,"8":4,"9":2,"10":2,"11":6,"12":6,"13":2,"14":4,"15":2,"16":4,"17":4,"18":2,"19":2,"20":4,"21":4,"22":1,"23":3,"24":3,"25":6,"26":6,"27":3,"28":1,"29":2,"30":2},"f":{"0":9,"1":6,"2":6,"3":4,"4":4,"5":6},"b":{"0":[2,4],"1":[6,5],"2":[2,2],"3":[4,4,3,2],"4":[1,3],"5":[4,4,3,3],"6":[6,5],"7":[1,2],"8":[3,3]}}
,"/Users/kaleshkaladharan/Desktop/vscode/rheas/support/src/index.ts": {"path":"/Users/kaleshkaladharan/Desktop/vscode/rheas/support/src/index.ts","statementMap":{"0":{"start":{"line":1,"column":0},"end":{"line":1,"column":9}},"1":{"start":{"line":3,"column":9},"end":{"line":1,"column":28}}},"fnMap":{},"branchMap":{},"s":{"0":1,"1":1},"f":{},"b":{}}
,"/Users/kaleshkaladharan/Desktop/vscode/rheas/support/src/str.ts": {"path":"/Users/kaleshkaladharan/Desktop/vscode/rheas/support/src/str.ts","statementMap":{"0":{"start":{"line":1,"column":0},"end":{"line":1,"column":28}},"1":{"start":{"line":3,"column":0},"end":{"line":3,"column":50}},"2":{"start":{"line":5,"column":0},"end":{"line":5,"column":13}},"3":{"start":{"line":27,"column":18},"end":{"line":32,"column":null}},"4":{"start":{"line":28,"column":8},"end":{"line":30,"column":null}},"5":{"start":{"line":29,"column":12},"end":{"line":29,"column":41}},"6":{"start":{"line":31,"column":8},"end":{"line":31,"column":70}},"7":{"start":{"line":39,"column":18},"end":{"line":41,"column":null}},"8":{"start":{"line":40,"column":8},"end":{"line":40,"column":53}},"9":{"start":{"line":48,"column":18},"end":{"line":50,"column":null}},"10":{"start":{"line":49,"column":8},"end":{"line":49,"column":61}},"11":{"start":{"line":66,"column":18},"end":{"line":68,"column":null}},"12":{"start":{"line":67,"column":8},"end":{"line":67,"column":52}},"13":{"start":{"line":77,"column":18},"end":{"line":87,"column":null}},"14":{"start":{"line":84,"column":8},"end":{"line":86,"column":27}},"15":{"start":{"line":94,"column":18},"end":{"line":96,"column":null}},"16":{"start":{"line":95,"column":8},"end":{"line":95,"column":52}},"17":{"start":{"line":103,"column":18},"end":{"line":105,"column":null}},"18":{"start":{"line":104,"column":8},"end":{"line":104,"column":64}},"19":{"start":{"line":113,"column":18},"end":{"line":117,"column":null}},"20":{"start":{"line":114,"column":8},"end":{"line":116,"column":10}},"21":{"start":{"line":128,"column":18},"end":{"line":141,"column":null}},"22":{"start":{"line":128,"column":52},"end":{"line":128,"column":null}},"23":{"start":{"line":130,"column":26},"end":{"line":136,"column":18}},"24":{"start":{"line":132,"column":16},"end":{"line":134,"column":null}},"25":{"start":{"line":133,"column":20},"end":{"line":133,"column":30}},"26":{"start":{"line":135,"column":16},"end":{"line":135,"column":85}},"27":{"start":{"line":138,"column":8},"end":{"line":138,"column":52}},"28":{"start":{"line":140,"column":8},"end":{"line":140,"column":null}},"29":{"start":{"line":148,"column":24},"end":{"line":158,"column":null}},"30":{"start":{"line":148,"column":31},"end":{"line":148,"column":null}},"31":{"start":{"line":150,"column":15},"end":{"line":157,"column":11}},"32":{"start":{"line":151,"column":12},"end":{"line":156,"column":15}},"33":{"start":{"line":152,"column":16},"end":{"line":154,"column":null}},"34":{"start":{"line":153,"column":20},"end":{"line":153,"column":65}},"35":{"start":{"line":155,"column":16},"end":{"line":155,"column":55}},"36":{"start":{"line":150,"column":8},"end":{"line":157,"column":11}},"37":{"start":{"line":167,"column":18},"end":{"line":173,"column":null}},"38":{"start":{"line":168,"column":8},"end":{"line":168,"column":44}},"39":{"start":{"line":170,"column":22},"end":{"line":170,"column":50}},"40":{"start":{"line":172,"column":8},"end":{"line":172,"column":43}},"41":{"start":{"line":182,"column":18},"end":{"line":188,"column":null}},"42":{"start":{"line":183,"column":8},"end":{"line":183,"column":44}},"43":{"start":{"line":185,"column":22},"end":{"line":185,"column":54}},"44":{"start":{"line":187,"column":8},"end":{"line":187,"column":42}},"45":{"start":{"line":195,"column":18},"end":{"line":210,"column":null}},"46":{"start":{"line":197,"column":18},"end":{"line":197,"column":23}},"47":{"start":{"line":199,"column":8},"end":{"line":201,"column":null}},"48":{"start":{"line":200,"column":12},"end":{"line":200,"column":41}},"49":{"start":{"line":204,"column":8},"end":{"line":204,"column":56}},"50":{"start":{"line":207,"column":8},"end":{"line":207,"column":75}},"51":{"start":{"line":209,"column":8},"end":{"line":209,"column":43}},"52":{"start":{"line":217,"column":18},"end":{"line":226,"column":null}},"53":{"start":{"line":218,"column":18},"end":{"line":218,"column":23}},"54":{"start":{"line":220,"column":8},"end":{"line":222,"column":null}},"55":{"start":{"line":221,"column":12},"end":{"line":221,"column":40}},"56":{"start":{"line":223,"column":8},"end":{"line":223,"column":56}},"57":{"start":{"line":225,"column":8},"end":{"line":225,"column":63}},"58":{"start":{"line":235,"column":18},"end":{"line":241,"column":null}},"59":{"start":{"line":236,"column":8},"end":{"line":236,"column":44}},"60":{"start":{"line":238,"column":22},"end":{"line":238,"column":64}},"61":{"start":{"line":240,"column":8},"end":{"line":240,"column":38}},"62":{"start":{"line":249,"column":18},"end":{"line":255,"column":null}},"63":{"start":{"line":250,"column":8},"end":{"line":250,"column":44}},"64":{"start":{"line":252,"column":22},"end":{"line":252,"column":52}},"65":{"start":{"line":254,"column":8},"end":{"line":254,"column":38}},"66":{"start":{"line":263,"column":18},"end":{"line":275,"column":null}},"67":{"start":{"line":264,"column":27},"end":{"line":264,"column":29}},"68":{"start":{"line":266,"column":8},"end":{"line":270,"column":null}},"69":{"start":{"line":267,"column":12},"end":{"line":267,"column":94}},"70":{"start":{"line":267,"column":52},"end":{"line":267,"column":77}},"71":{"start":{"line":269,"column":12},"end":{"line":269,"column":54}},"72":{"start":{"line":272,"column":22},"end":{"line":272,"column":58}},"73":{"start":{"line":274,"column":8},"end":{"line":274,"column":38}},"74":{"start":{"line":282,"column":18},"end":{"line":284,"column":null}},"75":{"start":{"line":283,"column":8},"end":{"line":283,"column":64}},"76":{"start":{"line":291,"column":18},"end":{"line":293,"column":null}},"77":{"start":{"line":292,"column":8},"end":{"line":292,"column":78}},"78":{"start":{"line":292,"column":49},"end":{"line":292,"column":67}},"79":{"start":{"line":10,"column":21},"end":{"line":10,"column":51}},"80":{"start":{"line":15,"column":21},"end":{"line":15,"column":51}},"81":{"start":{"line":20,"column":21},"end":{"line":20,"column":52}},"82":{"start":{"line":294,"column":0},"end":{"line":294,"column":null}},"83":{"start":{"line":5,"column":13},"end":{"line":5,"column":16}}},"fnMap":{"0":{"name":"(anonymous_14)","decl":{"start":{"line":5,"column":0},"end":{"line":5,"column":13}},"loc":{"start":{"line":5,"column":0},"end":{"line":5,"column":13}}},"1":{"name":"(anonymous_16)","decl":{"start":{"line":27,"column":4},"end":{"line":27,"column":18}},"loc":{"start":{"line":27,"column":37},"end":{"line":32,"column":5}}},"2":{"name":"(anonymous_17)","decl":{"start":{"line":39,"column":4},"end":{"line":39,"column":18}},"loc":{"start":{"line":39,"column":41},"end":{"line":41,"column":5}}},"3":{"name":"(anonymous_18)","decl":{"start":{"line":48,"column":4},"end":{"line":48,"column":18}},"loc":{"start":{"line":48,"column":48},"end":{"line":50,"column":5}}},"4":{"name":"(anonymous_19)","decl":{"start":{"line":66,"column":4},"end":{"line":66,"column":18}},"loc":{"start":{"line":66,"column":44},"end":{"line":68,"column":5}}},"5":{"name":"(anonymous_20)","decl":{"start":{"line":77,"column":4},"end":{"line":77,"column":18}},"loc":{"start":{"line":77,"column":40},"end":{"line":87,"column":5}}},"6":{"name":"(anonymous_21)","decl":{"start":{"line":94,"column":4},"end":{"line":94,"column":18}},"loc":{"start":{"line":94,"column":37},"end":{"line":96,"column":5}}},"7":{"name":"(anonymous_22)","decl":{"start":{"line":103,"column":4},"end":{"line":103,"column":18}},"loc":{"start":{"line":103,"column":37},"end":{"line":105,"column":5}}},"8":{"name":"(anonymous_23)","decl":{"start":{"line":113,"column":4},"end":{"line":113,"column":18}},"loc":{"start":{"line":113,"column":35},"end":{"line":117,"column":5}}},"9":{"name":"(anonymous_24)","decl":{"start":{"line":128,"column":4},"end":{"line":128,"column":18}},"loc":{"start":{"line":128,"column":78},"end":{"line":141,"column":5}}},"10":{"name":"(anonymous_25)","decl":{"start":{"line":131,"column":12},"end":{"line":131,"column":13}},"loc":{"start":{"line":131,"column":38},"end":{"line":136,"column":13}}},"11":{"name":"(anonymous_26)","decl":{"start":{"line":148,"column":4},"end":{"line":148,"column":24}},"loc":{"start":{"line":148,"column":48},"end":{"line":158,"column":null}}},"12":{"name":"(anonymous_29)","decl":{"start":{"line":150,"column":41},"end":{"line":150,"column":42}},"loc":{"start":{"line":150,"column":57},"end":{"line":157,"column":9}}},"13":{"name":"(anonymous_30)","decl":{"start":{"line":151,"column":37},"end":{"line":151,"column":38}},"loc":{"start":{"line":151,"column":51},"end":{"line":156,"column":13}}},"14":{"name":"(anonymous_31)","decl":{"start":{"line":167,"column":4},"end":{"line":167,"column":18}},"loc":{"start":{"line":167,"column":70},"end":{"line":173,"column":5}}},"15":{"name":"(anonymous_32)","decl":{"start":{"line":182,"column":4},"end":{"line":182,"column":18}},"loc":{"start":{"line":182,"column":60},"end":{"line":188,"column":5}}},"16":{"name":"(anonymous_33)","decl":{"start":{"line":195,"column":4},"end":{"line":195,"column":18}},"loc":{"start":{"line":195,"column":37},"end":{"line":210,"column":5}}},"17":{"name":"(anonymous_34)","decl":{"start":{"line":217,"column":4},"end":{"line":217,"column":18}},"loc":{"start":{"line":217,"column":38},"end":{"line":226,"column":5}}},"18":{"name":"(anonymous_35)","decl":{"start":{"line":235,"column":4},"end":{"line":235,"column":18}},"loc":{"start":{"line":235,"column":50},"end":{"line":241,"column":5}}},"19":{"name":"(anonymous_36)","decl":{"start":{"line":249,"column":4},"end":{"line":249,"column":18}},"loc":{"start":{"line":249,"column":53},"end":{"line":255,"column":5}}},"20":{"name":"(anonymous_37)","decl":{"start":{"line":263,"column":4},"end":{"line":263,"column":18}},"loc":{"start":{"line":263,"column":66},"end":{"line":275,"column":5}}},"21":{"name":"(anonymous_38)","decl":{"start":{"line":267,"column":44},"end":{"line":267,"column":48}},"loc":{"start":{"line":267,"column":48},"end":{"line":267,"column":55}}},"22":{"name":"(anonymous_39)","decl":{"start":{"line":282,"column":4},"end":{"line":282,"column":18}},"loc":{"start":{"line":282,"column":37},"end":{"line":284,"column":5}}},"23":{"name":"(anonymous_40)","decl":{"start":{"line":291,"column":4},"end":{"line":291,"column":18}},"loc":{"start":{"line":291,"column":37},"end":{"line":293,"column":5}}},"24":{"name":"(anonymous_41)","decl":{"start":{"line":292,"column":41},"end":{"line":292,"column":45}},"loc":{"start":{"line":292,"column":45},"end":{"line":292,"column":52}}}},"branchMap":{"0":{"loc":{"start":{"line":28,"column":8},"end":{"line":30,"column":null}},"type":"if","locations":[{"start":{"line":28,"column":8},"end":{"line":30,"column":null}},{"start":{"line":28,"column":8},"end":{"line":30,"column":null}}]},"1":{"loc":{"start":{"line":128,"column":52},"end":{"line":128,"column":null}},"type":"if","locations":[{"start":{"line":128,"column":52},"end":{"line":128,"column":null}},{"start":{"line":128,"column":52},"end":{"line":128,"column":null}}]},"2":{"loc":{"start":{"line":132,"column":16},"end":{"line":134,"column":null}},"type":"if","locations":[{"start":{"line":132,"column":16},"end":{"line":134,"column":null}},{"start":{"line":132,"column":16},"end":{"line":134,"column":null}}]},"3":{"loc":{"start":{"line":140,"column":40},"end":{"line":140,"column":77}},"type":"cond-expr","locations":[{"start":{"line":140,"column":40},"end":{"line":140,"column":77}},{"start":{"line":140,"column":80},"end":{"line":140,"column":82}}]},"4":{"loc":{"start":{"line":148,"column":31},"end":{"line":148,"column":null}},"type":"if","locations":[{"start":{"line":148,"column":31},"end":{"line":148,"column":null}},{"start":{"line":148,"column":31},"end":{"line":148,"column":null}}]},"5":{"loc":{"start":{"line":150,"column":15},"end":{"line":157,"column":11}},"type":"switch","locations":[{"start":{"line":150,"column":15},"end":{"line":157,"column":11}},{"start":{"line":150,"column":8},"end":{"line":157,"column":11}}]},"6":{"loc":{"start":{"line":152,"column":16},"end":{"line":154,"column":null}},"type":"if","locations":[{"start":{"line":152,"column":16},"end":{"line":154,"column":null}},{"start":{"line":152,"column":16},"end":{"line":154,"column":null}}]},"7":{"loc":{"start":{"line":199,"column":8},"end":{"line":201,"column":null}},"type":"if","locations":[{"start":{"line":199,"column":8},"end":{"line":201,"column":null}},{"start":{"line":199,"column":8},"end":{"line":201,"column":null}}]},"8":{"loc":{"start":{"line":220,"column":8},"end":{"line":222,"column":null}},"type":"if","locations":[{"start":{"line":220,"column":8},"end":{"line":222,"column":null}},{"start":{"line":220,"column":8},"end":{"line":222,"column":null}}]},"9":{"loc":{"start":{"line":266,"column":8},"end":{"line":270,"column":null}},"type":"if","locations":[{"start":{"line":266,"column":8},"end":{"line":270,"column":null}},{"start":{"line":266,"column":8},"end":{"line":270,"column":null}}]}},"s":{"0":2,"1":2,"2":2,"3":2,"4":1,"5":0,"6":1,"7":2,"8":0,"9":2,"10":47,"11":2,"12":6,"13":2,"14":6,"15":2,"16":4,"17":2,"18":4,"19":2,"20":3,"21":2,"22":0,"23":0,"24":0,"25":0,"26":0,"27":0,"28":0,"29":2,"30":5,"31":5,"32":5,"33":5,"34":0,"35":5,"36":5,"37":2,"38":8,"39":8,"40":8,"41":2,"42":8,"43":8,"44":8,"45":2,"46":9,"47":9,"48":4,"49":5,"50":5,"51":5,"52":2,"53":2,"54":2,"55":0,"56":2,"57":2,"58":2,"59":8,"60":8,"61":8,"62":2,"63":5,"64":5,"65":5,"66":2,"67":12,"68":12,"69":6,"70":12,"71":6,"72":12,"73":12,"74":2,"75":13,"76":2,"77":7,"78":13,"79":2,"80":2,"81":2,"82":2,"83":2},"f":{"0":2,"1":1,"2":0,"3":47,"4":6,"5":6,"6":4,"7":4,"8":3,"9":0,"10":0,"11":5,"12":5,"13":5,"14":8,"15":8,"16":9,"17":2,"18":8,"19":5,"20":12,"21":12,"22":13,"23":7,"24":13},"b":{"0":[0,1],"1":[0,0],"2":[0,0],"3":[0,0],"4":[0,5],"5":[5,5],"6":[0,5],"7":[4,5],"8":[0,2],"9":[6,6]}}
}
