{"/Users/kaleshkaladharan/Desktop/vscode/rheas/support/src/emailValidator.ts": {"path":"/Users/kaleshkaladharan/Desktop/vscode/rheas/support/src/emailValidator.ts","statementMap":{"0":{"start":{"line":1,"column":0},"end":{"line":1,"column":13}},"1":{"start":{"line":16,"column":11},"end":{"line":27,"column":null}},"2":{"start":{"line":18,"column":8},"end":{"line":25,"column":null}},"3":{"start":{"line":19,"column":16},"end":{"line":19,"column":17}},"4":{"start":{"line":19,"column":17},"end":{"line":19,"column":22}},"5":{"start":{"line":19,"column":24},"end":{"line":19,"column":59}},"6":{"start":{"line":21,"column":12},"end":{"line":21,"column":38}},"7":{"start":{"line":22,"column":12},"end":{"line":22,"column":40}},"8":{"start":{"line":24,"column":12},"end":{"line":24,"column":25}},"9":{"start":{"line":26,"column":8},"end":{"line":26,"column":20}},"10":{"start":{"line":40,"column":11},"end":{"line":51,"column":null}},"11":{"start":{"line":42,"column":36},"end":{"line":42,"column":52}},"12":{"start":{"line":47,"column":8},"end":{"line":49,"column":null}},"13":{"start":{"line":48,"column":12},"end":{"line":48,"column":49}},"14":{"start":{"line":50,"column":8},"end":{"line":50,"column":27}},"15":{"start":{"line":61,"column":11},"end":{"line":69,"column":null}},"16":{"start":{"line":62,"column":8},"end":{"line":62,"column":29}},"17":{"start":{"line":66,"column":8},"end":{"line":68,"column":null}},"18":{"start":{"line":67,"column":12},"end":{"line":67,"column":50}},"19":{"start":{"line":81,"column":11},"end":{"line":100,"column":null}},"20":{"start":{"line":82,"column":8},"end":{"line":82,"column":31}},"21":{"start":{"line":84,"column":8},"end":{"line":86,"column":null}},"22":{"start":{"line":85,"column":12},"end":{"line":85,"column":43}},"23":{"start":{"line":91,"column":26},"end":{"line":91,"column":43}},"24":{"start":{"line":93,"column":25},"end":{"line":96,"column":9}},"25":{"start":{"line":94,"column":12},"end":{"line":94,"column":31}},"26":{"start":{"line":95,"column":12},"end":{"line":95,"column":57}},"27":{"start":{"line":98,"column":8},"end":{"line":99,"column":43}},"28":{"start":{"line":99,"column":12},"end":{"line":99,"column":43}},"29":{"start":{"line":101,"column":0},"end":{"line":101,"column":null}},"30":{"start":{"line":1,"column":13},"end":{"line":1,"column":27}}},"fnMap":{"0":{"name":"(anonymous_0)","decl":{"start":{"line":1,"column":0},"end":{"line":1,"column":13}},"loc":{"start":{"line":1,"column":0},"end":{"line":101,"column":null}}},"1":{"name":"(anonymous_2)","decl":{"start":{"line":16,"column":4},"end":{"line":16,"column":11}},"loc":{"start":{"line":16,"column":33},"end":{"line":27,"column":5}}},"2":{"name":"(anonymous_3)","decl":{"start":{"line":40,"column":4},"end":{"line":40,"column":11}},"loc":{"start":{"line":40,"column":38},"end":{"line":51,"column":5}}},"3":{"name":"(anonymous_4)","decl":{"start":{"line":61,"column":4},"end":{"line":61,"column":11}},"loc":{"start":{"line":61,"column":38},"end":{"line":69,"column":5}}},"4":{"name":"(anonymous_5)","decl":{"start":{"line":81,"column":4},"end":{"line":81,"column":11}},"loc":{"start":{"line":81,"column":40},"end":{"line":100,"column":5}}},"5":{"name":"(anonymous_6)","decl":{"start":{"line":93,"column":25},"end":{"line":93,"column":35}},"loc":{"start":{"line":93,"column":47},"end":{"line":96,"column":9}}}},"branchMap":{"0":{"loc":{"start":{"line":47,"column":8},"end":{"line":49,"column":null}},"type":"if","locations":[{"start":{"line":47,"column":8},"end":{"line":49,"column":null}},{"start":{"line":47,"column":8},"end":{"line":49,"column":null}}]},"1":{"loc":{"start":{"line":47,"column":12},"end":{"line":47,"column":36}},"type":"binary-expr","locations":[{"start":{"line":47,"column":12},"end":{"line":47,"column":36}},{"start":{"line":47,"column":40},"end":{"line":47,"column":58}}]},"2":{"loc":{"start":{"line":66,"column":8},"end":{"line":68,"column":null}},"type":"if","locations":[{"start":{"line":66,"column":8},"end":{"line":68,"column":null}},{"start":{"line":66,"column":8},"end":{"line":68,"column":null}}]},"3":{"loc":{"start":{"line":66,"column":12},"end":{"line":66,"column":29}},"type":"binary-expr","locations":[{"start":{"line":66,"column":12},"end":{"line":66,"column":29}},{"start":{"line":66,"column":33},"end":{"line":66,"column":50}},{"start":{"line":66,"column":54},"end":{"line":66,"column":75}},{"start":{"line":66,"column":79},"end":{"line":66,"column":98}}]},"4":{"loc":{"start":{"line":84,"column":8},"end":{"line":86,"column":null}},"type":"if","locations":[{"start":{"line":84,"column":8},"end":{"line":86,"column":null}},{"start":{"line":84,"column":8},"end":{"line":86,"column":null}}]},"5":{"loc":{"start":{"line":84,"column":12},"end":{"line":84,"column":31}},"type":"binary-expr","locations":[{"start":{"line":84,"column":12},"end":{"line":84,"column":31}},{"start":{"line":84,"column":35},"end":{"line":84,"column":54}},{"start":{"line":84,"column":58},"end":{"line":84,"column":78}},{"start":{"line":84,"column":82},"end":{"line":84,"column":104}}]},"6":{"loc":{"start":{"line":95,"column":19},"end":{"line":95,"column":36}},"type":"binary-expr","locations":[{"start":{"line":95,"column":19},"end":{"line":95,"column":36}},{"start":{"line":95,"column":40},"end":{"line":95,"column":56}}]},"7":{"loc":{"start":{"line":98,"column":8},"end":{"line":99,"column":43}},"type":"if","locations":[{"start":{"line":98,"column":8},"end":{"line":99,"column":43}},{"start":{"line":98,"column":8},"end":{"line":99,"column":43}}]},"8":{"loc":{"start":{"line":98,"column":12},"end":{"line":98,"column":34}},"type":"binary-expr","locations":[{"start":{"line":98,"column":12},"end":{"line":98,"column":34}},{"start":{"line":98,"column":38},"end":{"line":98,"column":66}}]}},"s":{"0":2,"1":2,"2":6,"3":6,"4":4,"5":4,"6":4,"7":2,"8":4,"9":2,"10":2,"11":6,"12":6,"13":2,"14":4,"15":2,"16":4,"17":4,"18":2,"19":2,"20":4,"21":4,"22":1,"23":3,"24":3,"25":6,"26":6,"27":3,"28":1,"29":2,"30":2},"f":{"0":9,"1":6,"2":6,"3":4,"4":4,"5":6},"b":{"0":[2,4],"1":[6,5],"2":[2,2],"3":[4,4,3,2],"4":[1,3],"5":[4,4,3,3],"6":[6,5],"7":[1,2],"8":[3,3]}}
,"/Users/kaleshkaladharan/Desktop/vscode/rheas/support/src/index.ts": {"path":"/Users/kaleshkaladharan/Desktop/vscode/rheas/support/src/index.ts","statementMap":{"0":{"start":{"line":1,"column":0},"end":{"line":1,"column":9}},"1":{"start":{"line":3,"column":9},"end":{"line":1,"column":28}}},"fnMap":{},"branchMap":{},"s":{"0":1,"1":1},"f":{},"b":{}}
,"/Users/kaleshkaladharan/Desktop/vscode/rheas/support/src/str.ts": {"path":"/Users/kaleshkaladharan/Desktop/vscode/rheas/support/src/str.ts","statementMap":{"0":{"start":{"line":1,"column":0},"end":{"line":1,"column":28}},"1":{"start":{"line":3,"column":0},"end":{"line":3,"column":50}},"2":{"start":{"line":5,"column":0},"end":{"line":5,"column":13}},"3":{"start":{"line":12,"column":18},"end":{"line":14,"column":null}},"4":{"start":{"line":13,"column":8},"end":{"line":13,"column":46}},"5":{"start":{"line":21,"column":18},"end":{"line":23,"column":null}},"6":{"start":{"line":22,"column":8},"end":{"line":22,"column":53}},"7":{"start":{"line":30,"column":18},"end":{"line":32,"column":null}},"8":{"start":{"line":31,"column":8},"end":{"line":31,"column":61}},"9":{"start":{"line":48,"column":18},"end":{"line":50,"column":null}},"10":{"start":{"line":49,"column":8},"end":{"line":49,"column":52}},"11":{"start":{"line":59,"column":18},"end":{"line":69,"column":null}},"12":{"start":{"line":66,"column":8},"end":{"line":68,"column":27}},"13":{"start":{"line":76,"column":18},"end":{"line":78,"column":null}},"14":{"start":{"line":77,"column":8},"end":{"line":77,"column":52}},"15":{"start":{"line":85,"column":18},"end":{"line":87,"column":null}},"16":{"start":{"line":86,"column":8},"end":{"line":86,"column":64}},"17":{"start":{"line":95,"column":18},"end":{"line":99,"column":null}},"18":{"start":{"line":96,"column":8},"end":{"line":98,"column":10}},"19":{"start":{"line":110,"column":18},"end":{"line":123,"column":null}},"20":{"start":{"line":110,"column":49},"end":{"line":110,"column":null}},"21":{"start":{"line":112,"column":26},"end":{"line":118,"column":18}},"22":{"start":{"line":114,"column":16},"end":{"line":116,"column":null}},"23":{"start":{"line":115,"column":20},"end":{"line":115,"column":123}},"24":{"start":{"line":117,"column":16},"end":{"line":117,"column":35}},"25":{"start":{"line":120,"column":8},"end":{"line":120,"column":52}},"26":{"start":{"line":122,"column":8},"end":{"line":122,"column":null}},"27":{"start":{"line":130,"column":24},"end":{"line":140,"column":null}},"28":{"start":{"line":130,"column":31},"end":{"line":130,"column":null}},"29":{"start":{"line":132,"column":15},"end":{"line":139,"column":11}},"30":{"start":{"line":133,"column":12},"end":{"line":138,"column":15}},"31":{"start":{"line":134,"column":16},"end":{"line":136,"column":null}},"32":{"start":{"line":135,"column":20},"end":{"line":135,"column":65}},"33":{"start":{"line":137,"column":16},"end":{"line":137,"column":55}},"34":{"start":{"line":132,"column":8},"end":{"line":139,"column":11}},"35":{"start":{"line":149,"column":18},"end":{"line":155,"column":null}},"36":{"start":{"line":150,"column":8},"end":{"line":150,"column":44}},"37":{"start":{"line":152,"column":22},"end":{"line":152,"column":50}},"38":{"start":{"line":154,"column":8},"end":{"line":154,"column":43}},"39":{"start":{"line":164,"column":18},"end":{"line":170,"column":null}},"40":{"start":{"line":165,"column":8},"end":{"line":165,"column":44}},"41":{"start":{"line":167,"column":22},"end":{"line":167,"column":54}},"42":{"start":{"line":169,"column":8},"end":{"line":169,"column":42}},"43":{"start":{"line":177,"column":18},"end":{"line":187,"column":null}},"44":{"start":{"line":181,"column":8},"end":{"line":181,"column":56}},"45":{"start":{"line":184,"column":8},"end":{"line":184,"column":75}},"46":{"start":{"line":186,"column":8},"end":{"line":186,"column":21}},"47":{"start":{"line":194,"column":18},"end":{"line":199,"column":null}},"48":{"start":{"line":196,"column":8},"end":{"line":196,"column":56}},"49":{"start":{"line":198,"column":8},"end":{"line":198,"column":40}},"50":{"start":{"line":208,"column":18},"end":{"line":214,"column":null}},"51":{"start":{"line":209,"column":8},"end":{"line":209,"column":44}},"52":{"start":{"line":211,"column":22},"end":{"line":211,"column":64}},"53":{"start":{"line":213,"column":8},"end":{"line":213,"column":38}},"54":{"start":{"line":222,"column":18},"end":{"line":228,"column":null}},"55":{"start":{"line":223,"column":8},"end":{"line":223,"column":44}},"56":{"start":{"line":225,"column":22},"end":{"line":225,"column":52}},"57":{"start":{"line":227,"column":8},"end":{"line":227,"column":38}},"58":{"start":{"line":236,"column":18},"end":{"line":248,"column":null}},"59":{"start":{"line":237,"column":27},"end":{"line":237,"column":29}},"60":{"start":{"line":239,"column":8},"end":{"line":243,"column":null}},"61":{"start":{"line":240,"column":12},"end":{"line":240,"column":94}},"62":{"start":{"line":240,"column":52},"end":{"line":240,"column":77}},"63":{"start":{"line":242,"column":12},"end":{"line":242,"column":54}},"64":{"start":{"line":245,"column":22},"end":{"line":245,"column":58}},"65":{"start":{"line":247,"column":8},"end":{"line":247,"column":38}},"66":{"start":{"line":255,"column":18},"end":{"line":257,"column":null}},"67":{"start":{"line":256,"column":8},"end":{"line":256,"column":64}},"68":{"start":{"line":264,"column":18},"end":{"line":266,"column":null}},"69":{"start":{"line":265,"column":8},"end":{"line":265,"column":78}},"70":{"start":{"line":265,"column":49},"end":{"line":265,"column":67}},"71":{"start":{"line":267,"column":0},"end":{"line":267,"column":null}},"72":{"start":{"line":5,"column":13},"end":{"line":5,"column":16}}},"fnMap":{"0":{"name":"(anonymous_14)","decl":{"start":{"line":5,"column":0},"end":{"line":5,"column":13}},"loc":{"start":{"line":5,"column":0},"end":{"line":267,"column":null}}},"1":{"name":"(anonymous_16)","decl":{"start":{"line":12,"column":4},"end":{"line":12,"column":18}},"loc":{"start":{"line":12,"column":37},"end":{"line":14,"column":5}}},"2":{"name":"(anonymous_17)","decl":{"start":{"line":21,"column":4},"end":{"line":21,"column":18}},"loc":{"start":{"line":21,"column":41},"end":{"line":23,"column":5}}},"3":{"name":"(anonymous_18)","decl":{"start":{"line":30,"column":4},"end":{"line":30,"column":18}},"loc":{"start":{"line":30,"column":48},"end":{"line":32,"column":5}}},"4":{"name":"(anonymous_19)","decl":{"start":{"line":48,"column":4},"end":{"line":48,"column":18}},"loc":{"start":{"line":48,"column":44},"end":{"line":50,"column":5}}},"5":{"name":"(anonymous_20)","decl":{"start":{"line":59,"column":4},"end":{"line":59,"column":18}},"loc":{"start":{"line":59,"column":40},"end":{"line":69,"column":5}}},"6":{"name":"(anonymous_21)","decl":{"start":{"line":76,"column":4},"end":{"line":76,"column":18}},"loc":{"start":{"line":76,"column":37},"end":{"line":78,"column":5}}},"7":{"name":"(anonymous_22)","decl":{"start":{"line":85,"column":4},"end":{"line":85,"column":18}},"loc":{"start":{"line":85,"column":37},"end":{"line":87,"column":5}}},"8":{"name":"(anonymous_23)","decl":{"start":{"line":95,"column":4},"end":{"line":95,"column":18}},"loc":{"start":{"line":95,"column":35},"end":{"line":99,"column":5}}},"9":{"name":"(anonymous_24)","decl":{"start":{"line":110,"column":4},"end":{"line":110,"column":18}},"loc":{"start":{"line":110,"column":75},"end":{"line":123,"column":5}}},"10":{"name":"(anonymous_25)","decl":{"start":{"line":113,"column":12},"end":{"line":113,"column":13}},"loc":{"start":{"line":113,"column":38},"end":{"line":118,"column":13}}},"11":{"name":"(anonymous_26)","decl":{"start":{"line":130,"column":4},"end":{"line":130,"column":24}},"loc":{"start":{"line":130,"column":48},"end":{"line":140,"column":null}}},"12":{"name":"(anonymous_29)","decl":{"start":{"line":132,"column":41},"end":{"line":132,"column":42}},"loc":{"start":{"line":132,"column":57},"end":{"line":139,"column":9}}},"13":{"name":"(anonymous_30)","decl":{"start":{"line":133,"column":37},"end":{"line":133,"column":38}},"loc":{"start":{"line":133,"column":51},"end":{"line":138,"column":13}}},"14":{"name":"(anonymous_31)","decl":{"start":{"line":149,"column":4},"end":{"line":149,"column":18}},"loc":{"start":{"line":149,"column":70},"end":{"line":155,"column":5}}},"15":{"name":"(anonymous_32)","decl":{"start":{"line":164,"column":4},"end":{"line":164,"column":18}},"loc":{"start":{"line":164,"column":60},"end":{"line":170,"column":5}}},"16":{"name":"(anonymous_33)","decl":{"start":{"line":177,"column":4},"end":{"line":177,"column":18}},"loc":{"start":{"line":177,"column":37},"end":{"line":187,"column":5}}},"17":{"name":"(anonymous_34)","decl":{"start":{"line":194,"column":4},"end":{"line":194,"column":18}},"loc":{"start":{"line":194,"column":38},"end":{"line":199,"column":5}}},"18":{"name":"(anonymous_35)","decl":{"start":{"line":208,"column":4},"end":{"line":208,"column":18}},"loc":{"start":{"line":208,"column":50},"end":{"line":214,"column":5}}},"19":{"name":"(anonymous_36)","decl":{"start":{"line":222,"column":4},"end":{"line":222,"column":18}},"loc":{"start":{"line":222,"column":53},"end":{"line":228,"column":5}}},"20":{"name":"(anonymous_37)","decl":{"start":{"line":236,"column":4},"end":{"line":236,"column":18}},"loc":{"start":{"line":236,"column":66},"end":{"line":248,"column":5}}},"21":{"name":"(anonymous_38)","decl":{"start":{"line":240,"column":44},"end":{"line":240,"column":48}},"loc":{"start":{"line":240,"column":48},"end":{"line":240,"column":55}}},"22":{"name":"(anonymous_39)","decl":{"start":{"line":255,"column":4},"end":{"line":255,"column":18}},"loc":{"start":{"line":255,"column":37},"end":{"line":257,"column":5}}},"23":{"name":"(anonymous_40)","decl":{"start":{"line":264,"column":4},"end":{"line":264,"column":18}},"loc":{"start":{"line":264,"column":37},"end":{"line":266,"column":5}}},"24":{"name":"(anonymous_41)","decl":{"start":{"line":265,"column":41},"end":{"line":265,"column":45}},"loc":{"start":{"line":265,"column":45},"end":{"line":265,"column":52}}}},"branchMap":{"0":{"loc":{"start":{"line":110,"column":49},"end":{"line":110,"column":null}},"type":"if","locations":[{"start":{"line":110,"column":49},"end":{"line":110,"column":null}},{"start":{"line":110,"column":49},"end":{"line":110,"column":null}}]},"1":{"loc":{"start":{"line":114,"column":16},"end":{"line":116,"column":null}},"type":"if","locations":[{"start":{"line":114,"column":16},"end":{"line":116,"column":null}},{"start":{"line":114,"column":16},"end":{"line":116,"column":null}}]},"2":{"loc":{"start":{"line":122,"column":40},"end":{"line":122,"column":57}},"type":"cond-expr","locations":[{"start":{"line":122,"column":40},"end":{"line":122,"column":57}},{"start":{"line":122,"column":60},"end":{"line":122,"column":62}}]},"3":{"loc":{"start":{"line":130,"column":31},"end":{"line":130,"column":null}},"type":"if","locations":[{"start":{"line":130,"column":31},"end":{"line":130,"column":null}},{"start":{"line":130,"column":31},"end":{"line":130,"column":null}}]},"4":{"loc":{"start":{"line":132,"column":15},"end":{"line":139,"column":11}},"type":"switch","locations":[{"start":{"line":132,"column":15},"end":{"line":139,"column":11}},{"start":{"line":132,"column":8},"end":{"line":139,"column":11}}]},"5":{"loc":{"start":{"line":134,"column":16},"end":{"line":136,"column":null}},"type":"if","locations":[{"start":{"line":134,"column":16},"end":{"line":136,"column":null}},{"start":{"line":134,"column":16},"end":{"line":136,"column":null}}]},"6":{"loc":{"start":{"line":239,"column":8},"end":{"line":243,"column":null}},"type":"if","locations":[{"start":{"line":239,"column":8},"end":{"line":243,"column":null}},{"start":{"line":239,"column":8},"end":{"line":243,"column":null}}]}},"s":{"0":2,"1":2,"2":2,"3":2,"4":1,"5":2,"6":5,"7":2,"8":70,"9":2,"10":6,"11":2,"12":6,"13":2,"14":4,"15":2,"16":4,"17":2,"18":8,"19":2,"20":4,"21":3,"22":10,"23":8,"24":10,"25":3,"26":3,"27":2,"28":5,"29":5,"30":5,"31":5,"32":0,"33":5,"34":5,"35":2,"36":18,"37":18,"38":18,"39":2,"40":13,"41":13,"42":13,"43":2,"44":9,"45":9,"46":9,"47":2,"48":2,"49":2,"50":2,"51":13,"52":13,"53":13,"54":2,"55":8,"56":8,"57":8,"58":2,"59":12,"60":12,"61":6,"62":12,"63":6,"64":12,"65":12,"66":2,"67":19,"68":2,"69":11,"70":19,"71":2,"72":2},"f":{"0":2,"1":1,"2":5,"3":70,"4":6,"5":6,"6":4,"7":4,"8":8,"9":3,"10":10,"11":5,"12":5,"13":5,"14":18,"15":13,"16":9,"17":2,"18":13,"19":8,"20":12,"21":12,"22":19,"23":11,"24":19},"b":{"0":[1,2],"1":[8,2],"2":[3,0],"3":[0,5],"4":[5,5],"5":[0,5],"6":[6,6]}}
}
