TN:
SF:src/emailValidator.ts
FN:1,(anonymous_0)
FN:16,(anonymous_2)
FN:40,(anonymous_3)
FN:61,(anonymous_4)
FN:81,(anonymous_5)
FN:93,(anonymous_6)
FNF:6
FNH:6
FNDA:9,(anonymous_0)
FNDA:6,(anonymous_2)
FNDA:6,(anonymous_3)
FNDA:4,(anonymous_4)
FNDA:4,(anonymous_5)
FNDA:6,(anonymous_6)
DA:1,2
DA:16,2
DA:18,6
DA:19,6
DA:21,4
DA:22,2
DA:24,4
DA:26,2
DA:40,2
DA:42,6
DA:47,6
DA:48,2
DA:50,4
DA:61,2
DA:62,4
DA:66,4
DA:67,2
DA:81,2
DA:82,4
DA:84,4
DA:85,1
DA:91,3
DA:93,3
DA:94,6
DA:95,6
DA:98,3
DA:99,1
DA:101,2
LF:28
LH:28
BRDA:47,0,0,2
BRDA:47,0,1,4
BRDA:47,1,0,6
BRDA:47,1,1,5
BRDA:66,2,0,2
BRDA:66,2,1,2
BRDA:66,3,0,4
BRDA:66,3,1,4
BRDA:66,3,2,3
BRDA:66,3,3,2
BRDA:84,4,0,1
BRDA:84,4,1,3
BRDA:84,5,0,4
BRDA:84,5,1,4
BRDA:84,5,2,3
BRDA:84,5,3,3
BRDA:95,6,0,6
BRDA:95,6,1,5
BRDA:98,7,0,1
BRDA:98,7,1,2
BRDA:98,8,0,3
BRDA:98,8,1,3
BRF:22
BRH:22
end_of_record
TN:
SF:src/index.ts
FNF:0
FNH:0
DA:1,1
DA:3,1
LF:2
LH:2
BRF:0
BRH:0
end_of_record
TN:
SF:src/str.ts
FN:5,(anonymous_14)
FN:27,(anonymous_16)
FN:39,(anonymous_17)
FN:48,(anonymous_18)
FN:66,(anonymous_19)
FN:77,(anonymous_20)
FN:94,(anonymous_21)
FN:103,(anonymous_22)
FN:113,(anonymous_23)
FN:128,(anonymous_24)
FN:131,(anonymous_25)
FN:148,(anonymous_26)
FN:150,(anonymous_29)
FN:151,(anonymous_30)
FN:167,(anonymous_31)
FN:182,(anonymous_32)
FN:195,(anonymous_33)
FN:217,(anonymous_34)
FN:235,(anonymous_35)
FN:249,(anonymous_36)
FN:263,(anonymous_37)
FN:267,(anonymous_38)
FN:282,(anonymous_39)
FN:291,(anonymous_40)
FN:292,(anonymous_41)
FNF:25
FNH:22
FNDA:2,(anonymous_14)
FNDA:1,(anonymous_16)
FNDA:0,(anonymous_17)
FNDA:47,(anonymous_18)
FNDA:6,(anonymous_19)
FNDA:6,(anonymous_20)
FNDA:4,(anonymous_21)
FNDA:4,(anonymous_22)
FNDA:3,(anonymous_23)
FNDA:0,(anonymous_24)
FNDA:0,(anonymous_25)
FNDA:5,(anonymous_26)
FNDA:5,(anonymous_29)
FNDA:5,(anonymous_30)
FNDA:8,(anonymous_31)
FNDA:8,(anonymous_32)
FNDA:9,(anonymous_33)
FNDA:2,(anonymous_34)
FNDA:8,(anonymous_35)
FNDA:5,(anonymous_36)
FNDA:12,(anonymous_37)
FNDA:12,(anonymous_38)
FNDA:13,(anonymous_39)
FNDA:7,(anonymous_40)
FNDA:13,(anonymous_41)
DA:1,2
DA:3,2
DA:5,2
DA:10,2
DA:15,2
DA:20,2
DA:27,2
DA:28,1
DA:29,0
DA:31,1
DA:39,2
DA:40,0
DA:48,2
DA:49,47
DA:66,2
DA:67,6
DA:77,2
DA:84,6
DA:94,2
DA:95,4
DA:103,2
DA:104,4
DA:113,2
DA:114,3
DA:128,2
DA:130,0
DA:132,0
DA:133,0
DA:135,0
DA:138,0
DA:140,0
DA:148,5
DA:150,5
DA:151,5
DA:152,5
DA:153,0
DA:155,5
DA:167,2
DA:168,8
DA:170,8
DA:172,8
DA:182,2
DA:183,8
DA:185,8
DA:187,8
DA:195,2
DA:197,9
DA:199,9
DA:200,4
DA:204,5
DA:207,5
DA:209,5
DA:217,2
DA:218,2
DA:220,2
DA:221,0
DA:223,2
DA:225,2
DA:235,2
DA:236,8
DA:238,8
DA:240,8
DA:249,2
DA:250,5
DA:252,5
DA:254,5
DA:263,2
DA:264,12
DA:266,12
DA:267,12
DA:269,6
DA:272,12
DA:274,12
DA:282,2
DA:283,13
DA:291,2
DA:292,13
DA:294,2
LF:78
LH:68
BRDA:28,0,0,0
BRDA:28,0,1,1
BRDA:128,1,0,0
BRDA:128,1,1,0
BRDA:132,2,0,0
BRDA:132,2,1,0
BRDA:140,3,0,0
BRDA:140,3,1,0
BRDA:148,4,0,0
BRDA:148,4,1,5
BRDA:150,5,0,5
BRDA:150,5,1,5
BRDA:152,6,0,0
BRDA:152,6,1,5
BRDA:199,7,0,4
BRDA:199,7,1,5
BRDA:220,8,0,0
BRDA:220,8,1,2
BRDA:266,9,0,6
BRDA:266,9,1,6
BRF:20
BRH:10
end_of_record
