TN:
SF:src/emailValidator.ts
FN:1,(anonymous_0)
FN:16,(anonymous_2)
FN:40,(anonymous_3)
FN:61,(anonymous_4)
FN:81,(anonymous_5)
FN:93,(anonymous_6)
FNF:6
FNH:6
FNDA:9,(anonymous_0)
FNDA:6,(anonymous_2)
FNDA:6,(anonymous_3)
FNDA:4,(anonymous_4)
FNDA:4,(anonymous_5)
FNDA:6,(anonymous_6)
DA:1,2
DA:16,2
DA:18,6
DA:19,6
DA:21,4
DA:22,2
DA:24,4
DA:26,2
DA:40,2
DA:42,6
DA:47,6
DA:48,2
DA:50,4
DA:61,2
DA:62,4
DA:66,4
DA:67,2
DA:81,2
DA:82,4
DA:84,4
DA:85,1
DA:91,3
DA:93,3
DA:94,6
DA:95,6
DA:98,3
DA:99,1
DA:101,2
LF:28
LH:28
BRDA:47,0,0,2
BRDA:47,0,1,4
BRDA:47,1,0,6
BRDA:47,1,1,5
BRDA:66,2,0,2
BRDA:66,2,1,2
BRDA:66,3,0,4
BRDA:66,3,1,4
BRDA:66,3,2,3
BRDA:66,3,3,2
BRDA:84,4,0,1
BRDA:84,4,1,3
BRDA:84,5,0,4
BRDA:84,5,1,4
BRDA:84,5,2,3
BRDA:84,5,3,3
BRDA:95,6,0,6
BRDA:95,6,1,5
BRDA:98,7,0,1
BRDA:98,7,1,2
BRDA:98,8,0,3
BRDA:98,8,1,3
BRF:22
BRH:22
end_of_record
TN:
SF:src/index.ts
FNF:0
FNH:0
DA:1,1
DA:3,1
LF:2
LH:2
BRF:0
BRH:0
end_of_record
TN:
SF:src/str.ts
FN:5,(anonymous_14)
FN:12,(anonymous_16)
FN:21,(anonymous_17)
FN:30,(anonymous_18)
FN:48,(anonymous_19)
FN:59,(anonymous_20)
FN:76,(anonymous_21)
FN:85,(anonymous_22)
FN:95,(anonymous_23)
FN:110,(anonymous_24)
FN:113,(anonymous_25)
FN:130,(anonymous_26)
FN:132,(anonymous_29)
FN:133,(anonymous_30)
FN:149,(anonymous_31)
FN:164,(anonymous_32)
FN:177,(anonymous_33)
FN:194,(anonymous_34)
FN:208,(anonymous_35)
FN:222,(anonymous_36)
FN:236,(anonymous_37)
FN:240,(anonymous_38)
FN:255,(anonymous_39)
FN:264,(anonymous_40)
FN:265,(anonymous_41)
FNF:25
FNH:25
FNDA:2,(anonymous_14)
FNDA:1,(anonymous_16)
FNDA:5,(anonymous_17)
FNDA:70,(anonymous_18)
FNDA:6,(anonymous_19)
FNDA:6,(anonymous_20)
FNDA:4,(anonymous_21)
FNDA:4,(anonymous_22)
FNDA:8,(anonymous_23)
FNDA:3,(anonymous_24)
FNDA:10,(anonymous_25)
FNDA:5,(anonymous_26)
FNDA:5,(anonymous_29)
FNDA:5,(anonymous_30)
FNDA:18,(anonymous_31)
FNDA:13,(anonymous_32)
FNDA:9,(anonymous_33)
FNDA:2,(anonymous_34)
FNDA:13,(anonymous_35)
FNDA:8,(anonymous_36)
FNDA:12,(anonymous_37)
FNDA:12,(anonymous_38)
FNDA:19,(anonymous_39)
FNDA:11,(anonymous_40)
FNDA:19,(anonymous_41)
DA:1,2
DA:3,2
DA:5,2
DA:12,2
DA:13,1
DA:21,2
DA:22,5
DA:30,2
DA:31,70
DA:48,2
DA:49,6
DA:59,2
DA:66,6
DA:76,2
DA:77,4
DA:85,2
DA:86,4
DA:95,2
DA:96,8
DA:110,4
DA:112,3
DA:114,10
DA:115,8
DA:117,10
DA:120,3
DA:122,3
DA:130,5
DA:132,5
DA:133,5
DA:134,5
DA:135,0
DA:137,5
DA:149,2
DA:150,18
DA:152,18
DA:154,18
DA:164,2
DA:165,13
DA:167,13
DA:169,13
DA:177,2
DA:181,9
DA:184,9
DA:186,9
DA:194,2
DA:196,2
DA:198,2
DA:208,2
DA:209,13
DA:211,13
DA:213,13
DA:222,2
DA:223,8
DA:225,8
DA:227,8
DA:236,2
DA:237,12
DA:239,12
DA:240,12
DA:242,6
DA:245,12
DA:247,12
DA:255,2
DA:256,19
DA:264,2
DA:265,19
DA:267,2
LF:67
LH:66
BRDA:110,0,0,1
BRDA:110,0,1,2
BRDA:114,1,0,8
BRDA:114,1,1,2
BRDA:122,2,0,3
BRDA:122,2,1,0
BRDA:130,3,0,0
BRDA:130,3,1,5
BRDA:132,4,0,5
BRDA:132,4,1,5
BRDA:134,5,0,0
BRDA:134,5,1,5
BRDA:239,6,0,6
BRDA:239,6,1,6
BRF:14
BRH:11
end_of_record
